INFO    : Since no target was supplied, we will use "web".

INFO    : Building target web
INFO    : Generating any needed assets.
INFO    : Finished generating assets.

INFO    : Preparing to build into /workspaces/interactiveelements/interactiveelements/output/web.
INFO    : discovering source file's directory name: /workspaces/interactiveelements/interactiveelements/source
INFO    : verifying and expanding input directory: /workspaces/interactiveelements/interactiveelements/source/../generated-assets
INFO    : input directory expanded to absolute path: /workspaces/interactiveelements/interactiveelements/generated-assets
INFO    : verifying and expanding input directory: /workspaces/interactiveelements/interactiveelements/source/../assets
INFO    : input directory expanded to absolute path: /workspaces/interactiveelements/interactiveelements/assets
INFO    : XSL conversion of /workspaces/interactiveelements/interactiveelements/source/main.ptx by /home/codespace/.ptx/2.16.0/core/xsl/utilities/report-publisher-variables.xsl
INFO    : successful application of /home/codespace/.ptx/2.16.0/core/xsl/utilities/report-publisher-variables.xsl
INFO    : Downloading rs services file from https://runestone.academy/cdn/runestone/latest/webpack_static_imports.xml.
INFO    : Runestone Services via online CDN query: version 7.5.15
INFO    : Downloading Runestone Services, version 7.5.15
INFO    : Extracting Runestone Services from archive file
INFO    : Building custom css theme: theme-default-modern
INFO    : converting /workspaces/interactiveelements/interactiveelements/source/main.ptx to HTML in /tmp/ptx-vbqr290g
INFO    : XSL conversion of /workspaces/interactiveelements/interactiveelements/source/main.ptx by /home/codespace/.ptx/2.16.0/core/xsl/pretext-html.xsl
INFO    : messages from the log for XSL processing:
INFO    : * PTX:INFO:   checking ONLY the last TWO YEARS of element deprecations.
Rerun with the string parameter "author.deprecations.all" set to "yes" to check your source against all deprecations.
INFO    : successful application of /home/codespace/.ptx/2.16.0/core/xsl/pretext-html.xsl
INFO    : Removing temporary directory /tmp/ptx-vbqr290g
INFO    : Removing temporary directory /tmp/ptx-1f04385d
INFO    : 
Success! Run `pretext view web` to see the results.

INFO    : 
